<?xml version="1.0" encoding="UTF-8"?>
<!-- Generated by org.testng.reporters.JUnitXMLReporter -->
<testsuite hostname="MONO-NCR-LAP-14" name="Default test" tests="4" failures="0" timestamp="29 Oct 2019 09:20:37 GMT" time="41.325" errors="0">
  <testcase name="getUrlValueFromPropertiesFile" time="12.774" classname="com.huskpower.tests.SparkMeterDataTest"/>
  <testcase name="getEmailIDFromPropertiesFile" time="0.196" classname="com.huskpower.tests.SparkMeterDataTest"/>
  <testcase name="getPasswordFromPropertiesFile" time="0.17" classname="com.huskpower.tests.SparkMeterDataTest"/>
  <testcase name="historyTransactionatHomePage" time="28.173" classname="com.huskpower.tests.SparkMeterDataTest"/>
</testsuite> <!-- Default test -->
