<?xml version="1.0" encoding="UTF-8"?>
<!-- Generated by org.testng.reporters.JUnitXMLReporter -->
<testsuite hostname="MONO-NCR-LAP-14" name="Default test" tests="4" failures="0" timestamp="25 Oct 2019 13:52:11 GMT" time="39.616" errors="0">
  <testcase name="getUrlValueFromPropertiesFile" time="12.195" classname="com.huskpower.tests.SparkMeterDataTest"/>
  <testcase name="getEmailIDFromPropertiesFile" time="0.188" classname="com.huskpower.tests.SparkMeterDataTest"/>
  <testcase name="getPasswordFromPropertiesFile" time="0.114" classname="com.huskpower.tests.SparkMeterDataTest"/>
  <testcase name="historyTransactionatHomePage" time="27.108" classname="com.huskpower.tests.SparkMeterDataTest"/>
</testsuite> <!-- Default test -->
