<?xml version="1.0" encoding="UTF-8"?>
<!-- Generated by org.testng.reporters.JUnitXMLReporter -->
<testsuite hostname="MLI03LPT2282" ignored="0" name="Default test" tests="2" failures="0" timestamp="21 Sep 2018 06:21:59 GMT" time="117.253" errors="0">
  <testcase name="aadhaarOCRPrepopulatedDataValidation" time="61.946" classname="com.test.fulfilment.JourneyScreenOnePANOCRTest"/>
  <testcase name="PANOCRPrepopulatedDataValidation" time="37.212" classname="com.test.fulfilment.JourneyScreenOnePANOCRTest"/>
</testsuite> <!-- Default test -->
