<?xml version="1.0" encoding="UTF-8"?>
<testng-results skipped="0" failed="0" total="1" passed="1">
  <reporter-output>
  </reporter-output>
  <suite name="Default suite" duration-ms="13072" started-at="2019-10-23T08:15:08Z" finished-at="2019-10-23T08:15:21Z">
    <groups>
    </groups>
    <test name="Default test" duration-ms="13072" started-at="2019-10-23T08:15:08Z" finished-at="2019-10-23T08:15:21Z">
      <class name="tests.HuskHomeTest">
        <test-method status="PASS" signature="initBrowser()[pri:0, instance:tests.HuskHomeTest@4de8b406]" name="initBrowser" is-config="true" duration-ms="6351" started-at="2019-10-23T13:45:08Z" finished-at="2019-10-23T13:45:14Z">
          <reporter-output>
          </reporter-output>
        </test-method> <!-- initBrowser -->
        <test-method status="PASS" signature="homePageHusk()[pri:0, instance:tests.HuskHomeTest@4de8b406]" name="homePageHusk" duration-ms="6692" started-at="2019-10-23T13:45:14Z" finished-at="2019-10-23T13:45:21Z">
          <reporter-output>
          </reporter-output>
        </test-method> <!-- homePageHusk -->
      </class> <!-- tests.HuskHomeTest -->
    </test> <!-- Default test -->
  </suite> <!-- Default suite -->
</testng-results>
