<?xml version="1.0" encoding="UTF-8"?>
<testng-results skipped="0" failed="0" ignored="0" total="2" passed="2">
  <reporter-output>
  </reporter-output>
  <suite name="LoginPage" duration-ms="34499" started-at="2018-07-25T07:22:02Z" finished-at="2018-07-25T07:22:37Z">
    <groups>
    </groups>
    <test name="Functional Web Test" duration-ms="34499" started-at="2018-07-25T07:22:02Z" finished-at="2018-07-25T07:22:37Z">
      <class name="com.test.fulfilment.LoginTest">
        <test-method status="PASS" signature="launchBrowser()[pri:0, instance:com.test.fulfilment.LoginTest@4cdb8504]" name="launchBrowser" is-config="true" duration-ms="7008" started-at="2018-07-25T12:52:02Z" finished-at="2018-07-25T12:52:09Z">
          <reporter-output>
          </reporter-output>
        </test-method> <!-- launchBrowser -->
        <test-method status="PASS" signature="testlogin()[pri:0, instance:com.test.fulfilment.LoginTest@4cdb8504]" name="testlogin" duration-ms="20140" started-at="2018-07-25T12:52:09Z" finished-at="2018-07-25T12:52:30Z">
          <reporter-output>
          </reporter-output>
        </test-method> <!-- testlogin -->
        <test-method status="PASS" signature="testlogin1()[pri:1, instance:com.test.fulfilment.LoginTest@4cdb8504]" name="testlogin1" duration-ms="3737" started-at="2018-07-25T12:52:30Z" finished-at="2018-07-25T12:52:33Z">
          <reporter-output>
          </reporter-output>
        </test-method> <!-- testlogin1 -->
        <test-method status="PASS" signature="close()[pri:0, instance:com.test.fulfilment.LoginTest@4cdb8504]" name="close" is-config="true" duration-ms="3473" started-at="2018-07-25T12:52:33Z" finished-at="2018-07-25T12:52:37Z">
          <reporter-output>
          </reporter-output>
        </test-method> <!-- close -->
      </class> <!-- com.test.fulfilment.LoginTest -->
    </test> <!-- Functional Web Test -->
  </suite> <!-- LoginPage -->
</testng-results>
