<?xml version="1.0" encoding="UTF-8"?>
<testng-results skipped="0" failed="0" ignored="0" total="2" passed="2">
  <reporter-output>
  </reporter-output>
  <suite name="LoginPage" duration-ms="39202" started-at="2018-06-14T05:05:46Z" finished-at="2018-06-14T05:06:25Z">
    <groups>
    </groups>
    <test name="Functional Web Test" duration-ms="39202" started-at="2018-06-14T05:05:46Z" finished-at="2018-06-14T05:06:25Z">
      <class name="com.test.fulfilment.LoginTest">
        <test-method status="PASS" signature="launchBrowser()[pri:0, instance:com.test.fulfilment.LoginTest@4d62f4c6]" name="launchBrowser" is-config="true" duration-ms="4620" started-at="2018-06-14T10:35:46Z" finished-at="2018-06-14T10:35:50Z">
          <reporter-output>
          </reporter-output>
        </test-method> <!-- launchBrowser -->
        <test-method status="PASS" signature="testlogin()[pri:0, instance:com.test.fulfilment.LoginTest@4d62f4c6]" name="testlogin" duration-ms="26445" started-at="2018-06-14T10:35:50Z" finished-at="2018-06-14T10:36:17Z">
          <reporter-output>
          </reporter-output>
        </test-method> <!-- testlogin -->
        <test-method status="PASS" signature="testlogin1()[pri:1, instance:com.test.fulfilment.LoginTest@4d62f4c6]" name="testlogin1" duration-ms="3588" started-at="2018-06-14T10:36:17Z" finished-at="2018-06-14T10:36:20Z">
          <reporter-output>
          </reporter-output>
        </test-method> <!-- testlogin1 -->
        <test-method status="PASS" signature="close()[pri:0, instance:com.test.fulfilment.LoginTest@4d62f4c6]" name="close" is-config="true" duration-ms="4462" started-at="2018-06-14T10:36:20Z" finished-at="2018-06-14T10:36:25Z">
          <reporter-output>
          </reporter-output>
        </test-method> <!-- close -->
      </class> <!-- com.test.fulfilment.LoginTest -->
    </test> <!-- Functional Web Test -->
  </suite> <!-- LoginPage -->
</testng-results>
