<?xml version="1.0" encoding="UTF-8"?>
<testng-results skipped="0" failed="0" ignored="0" total="5" passed="5">
  <reporter-output>
  </reporter-output>
  <suite name="Default suite" duration-ms="159024" started-at="2018-08-28T06:18:23Z" finished-at="2018-08-28T06:21:02Z">
    <groups>
    </groups>
    <test name="Default test" duration-ms="159024" started-at="2018-08-28T06:18:23Z" finished-at="2018-08-28T06:21:02Z">
      <class name="com.test.fulfilment.JourneyScreenOneTest">
        <test-method status="PASS" signature="launchBrowser()[pri:0, instance:com.test.fulfilment.JourneyScreenOneTest@2cd388f5]" name="launchBrowser" is-config="true" duration-ms="14217" started-at="2018-08-28T11:48:23Z" finished-at="2018-08-28T11:48:37Z">
          <reporter-output>
          </reporter-output>
        </test-method> <!-- launchBrowser -->
        <test-method status="PASS" signature="Indian()[pri:0, instance:com.test.fulfilment.JourneyScreenOneTest@2cd388f5]" name="Indian" duration-ms="12277" started-at="2018-08-28T11:48:37Z" finished-at="2018-08-28T11:48:50Z">
          <reporter-output>
          </reporter-output>
        </test-method> <!-- Indian -->
        <test-method status="PASS" signature="InvalidAadharTest()[pri:1, instance:com.test.fulfilment.JourneyScreenOneTest@2cd388f5]" name="InvalidAadharTest" duration-ms="11255" started-at="2018-08-28T11:48:50Z" finished-at="2018-08-28T11:49:01Z">
          <reporter-output>
          </reporter-output>
        </test-method> <!-- InvalidAadharTest -->
        <test-method status="PASS" signature="InvalidOTPTest()[pri:2, instance:com.test.fulfilment.JourneyScreenOneTest@2cd388f5]" name="InvalidOTPTest" duration-ms="34503" started-at="2018-08-28T11:49:01Z" finished-at="2018-08-28T11:49:35Z">
          <reporter-output>
          </reporter-output>
        </test-method> <!-- InvalidOTPTest -->
        <test-method status="PASS" signature="ScreenOneTestIndian()[pri:3, instance:com.test.fulfilment.JourneyScreenOneTest@2cd388f5]" name="ScreenOneTestIndian" duration-ms="51382" started-at="2018-08-28T11:49:35Z" finished-at="2018-08-28T11:50:27Z">
          <reporter-output>
          </reporter-output>
        </test-method> <!-- ScreenOneTestIndian -->
        <test-method status="PASS" signature="screenTwoProceedButtonClickability()[pri:4, instance:com.test.fulfilment.JourneyScreenOneTest@2cd388f5]" name="screenTwoProceedButtonClickability" duration-ms="35297" started-at="2018-08-28T11:50:27Z" finished-at="2018-08-28T11:51:02Z">
          <reporter-output>
          </reporter-output>
        </test-method> <!-- screenTwoProceedButtonClickability -->
      </class> <!-- com.test.fulfilment.JourneyScreenOneTest -->
    </test> <!-- Default test -->
  </suite> <!-- Default suite -->
</testng-results>
