<?xml version="1.0" encoding="UTF-8"?>
<testng-results skipped="0" failed="0" ignored="0" total="2" passed="2">
  <reporter-output>
  </reporter-output>
  <suite name="Default suite" duration-ms="117253" started-at="2018-09-21T06:20:02Z" finished-at="2018-09-21T06:21:59Z">
    <groups>
    </groups>
    <test name="Default test" duration-ms="117253" started-at="2018-09-21T06:20:02Z" finished-at="2018-09-21T06:21:59Z">
      <class name="com.test.fulfilment.JourneyScreenOnePANOCRTest">
        <test-method status="PASS" signature="launchBrowser()[pri:0, instance:com.test.fulfilment.JourneyScreenOnePANOCRTest@7f9fc8bd]" name="launchBrowser" is-config="true" duration-ms="17903" started-at="2018-09-21T11:50:02Z" finished-at="2018-09-21T11:50:20Z">
          <reporter-output>
          </reporter-output>
        </test-method> <!-- launchBrowser -->
        <test-method status="PASS" signature="aadhaarOCRPrepopulatedDataValidation()[pri:1, instance:com.test.fulfilment.JourneyScreenOnePANOCRTest@7f9fc8bd]" name="aadhaarOCRPrepopulatedDataValidation" duration-ms="61946" started-at="2018-09-21T11:50:20Z" finished-at="2018-09-21T11:51:22Z">
          <reporter-output>
          </reporter-output>
        </test-method> <!-- aadhaarOCRPrepopulatedDataValidation -->
        <test-method status="PASS" signature="PANOCRPrepopulatedDataValidation()[pri:2, instance:com.test.fulfilment.JourneyScreenOnePANOCRTest@7f9fc8bd]" name="PANOCRPrepopulatedDataValidation" duration-ms="37212" started-at="2018-09-21T11:51:22Z" finished-at="2018-09-21T11:51:59Z">
          <reporter-output>
          </reporter-output>
        </test-method> <!-- PANOCRPrepopulatedDataValidation -->
      </class> <!-- com.test.fulfilment.JourneyScreenOnePANOCRTest -->
    </test> <!-- Default test -->
  </suite> <!-- Default suite -->
</testng-results>
