<?xml version="1.0" encoding="UTF-8"?>
<testng-results skipped="0" failed="0" total="4" passed="4">
  <reporter-output>
  </reporter-output>
  <suite name="Husk Power System Test Suite " duration-ms="42204" started-at="2019-10-29T13:00:11Z" finished-at="2019-10-29T13:00:54Z">
    <groups>
    </groups>
    <test name="Husk Power System" duration-ms="42204" started-at="2019-10-29T13:00:11Z" finished-at="2019-10-29T13:00:54Z">
      <class name="com.huskpower.tests.SparkMeterDataTest">
        <test-method status="PASS" signature="getUrlValueFromPropertiesFile()[pri:0, instance:com.huskpower.tests.SparkMeterDataTest@174d20a]" name="getUrlValueFromPropertiesFile" duration-ms="14055" started-at="2019-10-29T18:30:11Z" finished-at="2019-10-29T18:30:26Z">
          <reporter-output>
          </reporter-output>
        </test-method> <!-- getUrlValueFromPropertiesFile -->
        <test-method status="PASS" signature="getEmailIDFromPropertiesFile()[pri:0, instance:com.huskpower.tests.SparkMeterDataTest@174d20a]" name="getEmailIDFromPropertiesFile" duration-ms="176" started-at="2019-10-29T18:30:26Z" finished-at="2019-10-29T18:30:26Z">
          <reporter-output>
          </reporter-output>
        </test-method> <!-- getEmailIDFromPropertiesFile -->
        <test-method status="PASS" signature="getPasswordFromPropertiesFile()[pri:0, instance:com.huskpower.tests.SparkMeterDataTest@174d20a]" name="getPasswordFromPropertiesFile" duration-ms="119" started-at="2019-10-29T18:30:26Z" finished-at="2019-10-29T18:30:26Z">
          <reporter-output>
          </reporter-output>
        </test-method> <!-- getPasswordFromPropertiesFile -->
        <test-method status="PASS" signature="historyTransactionatHomePage()[pri:0, instance:com.huskpower.tests.SparkMeterDataTest@174d20a]" name="historyTransactionatHomePage" duration-ms="27844" started-at="2019-10-29T18:30:26Z" finished-at="2019-10-29T18:30:54Z">
          <reporter-output>
          </reporter-output>
        </test-method> <!-- historyTransactionatHomePage -->
      </class> <!-- com.huskpower.tests.SparkMeterDataTest -->
    </test> <!-- Husk Power System -->
  </suite> <!-- Husk Power System Test Suite  -->
</testng-results>
